[ 2017-08-08T13:25:08+08:00 ] 127.0.0.1 /thinkphp/
ERR: 模板不存在:./Application/Home/View/mstp_85_empire/blong-1.html

[ 2017-08-08T13:42:05+08:00 ] ::1 /thinkphp/
INFO: [ app_init ] --START--
INFO: Run Behavior\BuildLiteBehavior [ RunTime:0.000000s ]
INFO: [ app_init ] --END-- [ RunTime:0.001001s ]
INFO: [ app_begin ] --START--
INFO: Run Behavior\ReadHtmlCacheBehavior [ RunTime:0.001000s ]
INFO: [ app_begin ] --END-- [ RunTime:0.001000s ]
INFO: [ view_parse ] --START--
INFO: [ template_filter ] --START--
INFO: Run Behavior\ContentReplaceBehavior [ RunTime:0.001000s ]
INFO: [ template_filter ] --END-- [ RunTime:0.001000s ]
INFO: Run Behavior\ParseTemplateBehavior [ RunTime:0.004000s ]
INFO: [ view_parse ] --END-- [ RunTime:0.005000s ]
INFO: [ view_filter ] --START--
INFO: Run Behavior\WriteHtmlCacheBehavior [ RunTime:0.000000s ]
INFO: [ view_filter ] --END-- [ RunTime:0.000000s ]
INFO: [ app_end ] --START--
INFO: Run Behavior\ShowPageTraceBehavior [ RunTime:0.000000s ]
INFO: [ app_end ] --END-- [ RunTime:0.000000s ]

[ 2017-08-08T16:00:09+08:00 ] ::1 /thinkphp/
ERR: 模板不存在:./Application/Home/View/mstp_85_empire/callery.html

[ 2017-08-08T16:00:10+08:00 ] ::1 /thinkphp/
ERR: 模板不存在:./Application/Home/View/mstp_85_empire/callery.html

[ 2017-08-08T16:43:46+08:00 ] ::1 /thinkphp/index.php/s/is
ERR: 非法操作:is

[ 2017-08-08T16:52:10+08:00 ] ::1 /thinkphp/index.php/s/index
ERR: 非法操作:index

[ 2017-08-08T16:52:10+08:00 ] ::1 /thinkphp/index.php/s/index
ERR: 非法操作:index

[ 2017-08-08T16:53:39+08:00 ] ::1 /thinkphp/index.php/s/index
ERR: 非法操作:index

[ 2017-08-08T16:53:40+08:00 ] ::1 /thinkphp/index.php/s/index
ERR: 非法操作:index

[ 2017-08-08T16:53:40+08:00 ] ::1 /thinkphp/index.php/s/index
ERR: 非法操作:index

[ 2017-08-08T16:53:40+08:00 ] ::1 /thinkphp/index.php/s/index
ERR: 非法操作:index

[ 2017-08-08T16:53:40+08:00 ] ::1 /thinkphp/index.php/s/index
ERR: 非法操作:index

[ 2017-08-08T16:53:49+08:00 ] ::1 /thinkphp/index.php/s/index
ERR: 非法操作:index

[ 2017-08-08T16:53:50+08:00 ] ::1 /thinkphp/index.php/s/index
ERR: 非法操作:index

[ 2017-08-08T16:53:50+08:00 ] ::1 /thinkphp/index.php/s/index
ERR: 非法操作:index

[ 2017-08-08T16:53:50+08:00 ] ::1 /thinkphp/index.php/s/index
ERR: 非法操作:index

[ 2017-08-08T16:53:50+08:00 ] ::1 /thinkphp/index.php/s/index
ERR: 非法操作:index

[ 2017-08-08T16:54:32+08:00 ] ::1 /thinkphp/index.php/s/images/preloader.gif
ERR: 非法操作:images

[ 2017-08-08T16:54:33+08:00 ] ::1 /thinkphp/index.php/s/images/preloader.gif
ERR: 非法操作:images

[ 2017-08-08T16:54:57+08:00 ] ::1 /thinkphp/index.php/s/index
ERR: 非法操作:index

[ 2017-08-08T16:55:51+08:00 ] ::1 /thinkphp/index.php/s/index
ERR: 非法操作:index

[ 2017-08-08T16:55:52+08:00 ] ::1 /thinkphp/index.php/s/index
ERR: 非法操作:index

[ 2017-08-08T16:55:52+08:00 ] ::1 /thinkphp/index.php/s/index
ERR: 非法操作:index

[ 2017-08-08T16:55:52+08:00 ] ::1 /thinkphp/index.php/s/index
ERR: 非法操作:index

[ 2017-08-08T16:55:52+08:00 ] ::1 /thinkphp/index.php/s/index
ERR: 非法操作:index

[ 2017-08-08T16:58:22+08:00 ] ::1 /thinkphp/index.php/s/index
ERR: 非法操作:index

[ 2017-08-08T16:58:22+08:00 ] ::1 /thinkphp/index.php/s/index
ERR: 非法操作:index

[ 2017-08-08T16:58:23+08:00 ] ::1 /thinkphp/index.php/s/index
ERR: 非法操作:index

[ 2017-08-08T16:58:43+08:00 ] ::1 /thinkphp/index.php/s/index
ERR: 非法操作:index

[ 2017-08-08T16:58:44+08:00 ] ::1 /thinkphp/index.php/s/index
ERR: 非法操作:index

[ 2017-08-08T16:58:44+08:00 ] ::1 /thinkphp/index.php/s/index
ERR: 非法操作:index

[ 2017-08-08T16:59:02+08:00 ] ::1 /thinkphp/index.php/s/index
ERR: 非法操作:index

[ 2017-08-08T16:59:02+08:00 ] ::1 /thinkphp/index.php/s/index
ERR: 非法操作:index

[ 2017-08-08T16:59:02+08:00 ] ::1 /thinkphp/index.php/s/index
ERR: 非法操作:index

[ 2017-08-08T16:59:03+08:00 ] ::1 /thinkphp/index.php/s/index
ERR: 非法操作:index

[ 2017-08-08T16:59:49+08:00 ] ::1 /thinkphp/index.php/s/index
ERR: 非法操作:index

[ 2017-08-08T16:59:49+08:00 ] ::1 /thinkphp/index.php/s/index
ERR: 非法操作:index

[ 2017-08-08T16:59:49+08:00 ] ::1 /thinkphp/index.php/s/index
ERR: 非法操作:index

[ 2017-08-08T16:59:49+08:00 ] ::1 /thinkphp/index.php/s/index
ERR: 非法操作:index

[ 2017-08-08T16:59:50+08:00 ] ::1 /thinkphp/index.php/s/index
ERR: 非法操作:index

[ 2017-08-08T16:59:50+08:00 ] ::1 /thinkphp/index.php/s/index
ERR: 非法操作:index

[ 2017-08-08T17:57:43+08:00 ] ::1 /thinkphp/index.php/Home/index/Api
ERR: 非法操作:Api

[ 2017-08-08T17:58:32+08:00 ] ::1 /thinkphp/index.php/Home/index/Api
ERR: 非法操作:Api

[ 2017-08-08T17:58:36+08:00 ] ::1 /thinkphp/index.php/Home/index/api
ERR: 非法操作:api

[ 2017-08-08T17:58:41+08:00 ] ::1 /thinkphp/index.php/Home/Api/index
ERR: 非法操作:index

