[ 2017-08-07T13:50:58+08:00 ] ::1 /thinkphp/
ERR: 测试日志信息

[ 2017-08-07T13:51:01+08:00 ] ::1 /thinkphp/
ERR: 测试日志信息

[ 2017-08-07T13:51:14+08:00 ] ::1 /thinkphp/
ERR: 测试日志信息

[ 2017-08-07T13:53:26+08:00 ] ::1 /thinkphp/
ERR: 测试日志信息

[ 2017-08-07T13:54:33+08:00 ] ::1 /thinkphp/
ERR: 测试日志信息

[ 2017-08-07T13:56:49+08:00 ] ::1 /thinkphp/
ERR: 测试日志信息

[ 2017-08-07T14:09:05+08:00 ] ::1 /thinkphp/
ERR: Class 'Home\Controller\Index\Log' not found

[ 2017-08-07T14:36:32+08:00 ] ::1 /thinkphp/
ERR: syntax error, unexpected '}'

[ 2017-08-07T14:36:33+08:00 ] ::1 /thinkphp/
ERR: syntax error, unexpected '}'

[ 2017-08-07T14:36:39+08:00 ] ::1 /thinkphp/
ERR: 测试日志信息

[ 2017-08-07T14:39:37+08:00 ] ::1 /thinkphp/
ERR: 测试日志信息
ERR: 系统不支持:memcache

[ 2017-08-07T14:39:38+08:00 ] ::1 /thinkphp/
ERR: 测试日志信息
ERR: 系统不支持:memcache

[ 2017-08-07T14:39:42+08:00 ] ::1 /thinkphp/
ERR: 测试日志信息
ERR: 系统不支持:memcache

[ 2017-08-07T14:39:43+08:00 ] ::1 /thinkphp/
ERR: 测试日志信息
ERR: 系统不支持:memcache

[ 2017-08-07T14:39:44+08:00 ] ::1 /thinkphp/
ERR: 测试日志信息
ERR: 系统不支持:memcache

[ 2017-08-07T14:40:05+08:00 ] ::1 /thinkphp/
ERR: 测试日志信息

[ 2017-08-07T15:07:10+08:00 ] ::1 /thinkphp/index.php/Home/Api/index
ERR: 非法操作:index

[ 2017-08-07T15:07:20+08:00 ] ::1 /thinkphp/index.php/Home/Api/Api
ERR: 非法操作:Api

[ 2017-08-07T15:07:38+08:00 ] ::1 /thinkphp/index.php/Home/Api/Api
ERR: 非法操作:Api

[ 2017-08-07T15:07:38+08:00 ] ::1 /thinkphp/index.php/Home/Api/Api
ERR: 非法操作:Api

[ 2017-08-07T15:07:39+08:00 ] ::1 /thinkphp/index.php/Home/Api/Api
ERR: 非法操作:Api

[ 2017-08-07T15:07:39+08:00 ] ::1 /thinkphp/index.php/Home/Api/Api
ERR: 非法操作:Api

[ 2017-08-07T15:07:41+08:00 ] ::1 /thinkphp/index.php/Home/Api/index
ERR: 非法操作:index

[ 2017-08-07T15:07:45+08:00 ] ::1 /thinkphp/index.php/Home/Api/run
ERR: 非法操作:run

[ 2017-08-07T15:08:26+08:00 ] ::1 /thinkphp/index.php/Home/Api/run
ERR: 非法操作:run

[ 2017-08-07T15:08:27+08:00 ] ::1 /thinkphp/index.php/Home/Api/run
ERR: 非法操作:run

[ 2017-08-07T15:08:27+08:00 ] ::1 /thinkphp/index.php/Home/Api/run
ERR: 非法操作:run

[ 2017-08-07T15:08:27+08:00 ] ::1 /thinkphp/index.php/Home/Api/run
ERR: 非法操作:run

[ 2017-08-07T15:08:27+08:00 ] ::1 /thinkphp/index.php/Home/Api/run
ERR: 非法操作:run

[ 2017-08-07T15:08:28+08:00 ] ::1 /thinkphp/index.php/Home/Api/run
ERR: 非法操作:run

[ 2017-08-07T15:08:28+08:00 ] ::1 /thinkphp/index.php/Home/Api/run
ERR: 非法操作:run

[ 2017-08-07T15:08:28+08:00 ] ::1 /thinkphp/index.php/Home/Api/run
ERR: 非法操作:run

[ 2017-08-07T15:08:31+08:00 ] ::1 /thinkphp/index.php/Home/Api/index
ERR: 非法操作:index

[ 2017-08-07T15:08:39+08:00 ] ::1 /thinkphp/index.php/Home/a
ERR: 非法操作:index

[ 2017-08-07T15:08:45+08:00 ] ::1 /thinkphp/index.php/Home/Api
ERR: 非法操作:index

[ 2017-08-07T15:08:50+08:00 ] ::1 /thinkphp/index.php/Home/Api/run
ERR: 非法操作:run

[ 2017-08-07T15:08:54+08:00 ] ::1 /thinkphp/index.php/Home/Api/index
ERR: 非法操作:index

[ 2017-08-07T15:09:17+08:00 ] ::1 /thinkphp/index.php/Home/Api/index
ERR: 非法操作:index

[ 2017-08-07T15:09:18+08:00 ] ::1 /thinkphp/index.php/Home/Api/index
ERR: 非法操作:index

[ 2017-08-07T15:09:18+08:00 ] ::1 /thinkphp/index.php/Home/Api/index
ERR: 非法操作:index

[ 2017-08-07T15:09:34+08:00 ] ::1 /thinkphp/index.php/Home/Api/index
ERR: 非法操作:index

[ 2017-08-07T15:09:35+08:00 ] ::1 /thinkphp/index.php/Home/Api/index
ERR: 非法操作:index

[ 2017-08-07T15:09:35+08:00 ] ::1 /thinkphp/index.php/Home/Api/index
ERR: 非法操作:index

[ 2017-08-07T15:09:35+08:00 ] ::1 /thinkphp/index.php/Home/Api/index
ERR: 非法操作:index

[ 2017-08-07T15:09:35+08:00 ] ::1 /thinkphp/index.php/Home/Api/index
ERR: 非法操作:index

[ 2017-08-07T15:09:57+08:00 ] ::1 /thinkphp/index.php/Home/Api/index
ERR: 非法操作:index

[ 2017-08-07T15:09:57+08:00 ] ::1 /thinkphp/index.php/Home/Api/index
ERR: 非法操作:index

[ 2017-08-07T15:09:57+08:00 ] ::1 /thinkphp/index.php/Home/Api/index
ERR: 非法操作:index

[ 2017-08-07T15:09:57+08:00 ] ::1 /thinkphp/index.php/Home/Api/index
ERR: 非法操作:index

[ 2017-08-07T15:10:54+08:00 ] ::1 /thinkphp/index.php/Home/Api/index
ERR: 非法操作:index

[ 2017-08-07T15:10:55+08:00 ] ::1 /thinkphp/index.php/Home/Api/index
ERR: 非法操作:index

[ 2017-08-07T15:11:00+08:00 ] ::1 /thinkphp/index.php/Home/Api/index
ERR: 非法操作:index

[ 2017-08-07T15:11:01+08:00 ] ::1 /thinkphp/index.php/Home/Api/index
ERR: 非法操作:index

[ 2017-08-07T15:12:48+08:00 ] ::1 /thinkphp/index.php/Home/Api/test
ERR: 非法操作:test

[ 2017-08-07T15:12:52+08:00 ] ::1 /thinkphp/index.php/Home/Api/index
ERR: 非法操作:index

[ 2017-08-07T15:12:56+08:00 ] ::1 /thinkphp/index.php/Home/api/index
ERR: 非法操作:index

[ 2017-08-07T15:13:37+08:00 ] ::1 /thinkphp/index.php/Home/api/index
ERR: 非法操作:index

[ 2017-08-07T15:13:38+08:00 ] ::1 /thinkphp/index.php/Home/api/index
ERR: 非法操作:index

[ 2017-08-07T15:13:38+08:00 ] ::1 /thinkphp/index.php/Home/api/index
ERR: 非法操作:index

[ 2017-08-07T15:13:38+08:00 ] ::1 /thinkphp/index.php/Home/api/index
ERR: 非法操作:index

[ 2017-08-07T15:13:38+08:00 ] ::1 /thinkphp/index.php/Home/api/index
ERR: 非法操作:index

[ 2017-08-07T15:13:38+08:00 ] ::1 /thinkphp/index.php/Home/api/index
ERR: 非法操作:index

[ 2017-08-07T15:13:39+08:00 ] ::1 /thinkphp/index.php/Home/api/index
ERR: 非法操作:index

[ 2017-08-07T15:13:39+08:00 ] ::1 /thinkphp/index.php/Home/api/index
ERR: 非法操作:index

[ 2017-08-07T15:14:03+08:00 ] ::1 /thinkphp/index.php/Home/api/index
ERR: 非法操作:index

[ 2017-08-07T15:14:04+08:00 ] ::1 /thinkphp/index.php/Home/api/index
ERR: 非法操作:index

[ 2017-08-07T15:14:05+08:00 ] ::1 /thinkphp/index.php/Home/api/index
ERR: 非法操作:index

[ 2017-08-07T15:14:05+08:00 ] ::1 /thinkphp/index.php/Home/api/index
ERR: 非法操作:index

[ 2017-08-07T15:14:05+08:00 ] ::1 /thinkphp/index.php/Home/api/index
ERR: 非法操作:index

[ 2017-08-07T15:14:22+08:00 ] ::1 /thinkphp/index.php/Home/api/index
ERR: 无法加载控制器:Api

[ 2017-08-07T15:14:23+08:00 ] ::1 /thinkphp/index.php/Home/api/index
ERR: 无法加载控制器:Api

[ 2017-08-07T15:14:29+08:00 ] ::1 /thinkphp/index.php/Home/api/index
ERR: 非法操作:index

[ 2017-08-07T15:14:46+08:00 ] ::1 /thinkphp/index.php/Home/api/index
ERR: 非法操作:index

[ 2017-08-07T15:14:51+08:00 ] ::1 /thinkphp/index.php/Home/Api/index
ERR: 非法操作:index

[ 2017-08-07T15:15:18+08:00 ] ::1 /thinkphp/index.php/Home/Api/index
ERR: 非法操作:index

[ 2017-08-07T15:15:19+08:00 ] ::1 /thinkphp/index.php/Home/Api/index
ERR: 非法操作:index

[ 2017-08-07T15:15:20+08:00 ] ::1 /thinkphp/index.php/Home/Api/index
ERR: 非法操作:index

[ 2017-08-07T16:11:07+08:00 ] ::1 /thinkphp/index.php/Home/Api/index
ERR: 非法操作:index

[ 2017-08-07T16:11:08+08:00 ] ::1 /thinkphp/index.php/Home/Api/index
ERR: 非法操作:index

