[ 2017-08-15T11:28:03+08:00 ] 127.0.0.1 /Admin/Request/add
INFO: [ app_begin ] --START--
INFO: Run Behavior\ReadHtmlCacheBehavior [ RunTime:0.001000s ]
INFO: [ app_begin ] --END-- [ RunTime:0.001000s ]

[ 2017-08-15T11:28:43+08:00 ] 127.0.0.1 /Admin/Request/add
INFO: [ app_begin ] --START--
INFO: Run Behavior\ReadHtmlCacheBehavior [ RunTime:0.000000s ]
INFO: [ app_begin ] --END-- [ RunTime:0.000000s ]

[ 2017-08-15T11:29:18+08:00 ] 127.0.0.1 /Admin/Request/add
INFO: [ app_begin ] --START--
INFO: Run Behavior\ReadHtmlCacheBehavior [ RunTime:0.000000s ]
INFO: [ app_begin ] --END-- [ RunTime:0.001000s ]

[ 2017-08-15T11:29:42+08:00 ] 127.0.0.1 /Admin/Request/add
INFO: [ app_begin ] --START--
INFO: Run Behavior\ReadHtmlCacheBehavior [ RunTime:0.000000s ]
INFO: [ app_begin ] --END-- [ RunTime:0.001000s ]

[ 2017-08-15T11:30:23+08:00 ] 127.0.0.1 /Admin/Request/add
INFO: [ app_begin ] --START--
INFO: Run Behavior\ReadHtmlCacheBehavior [ RunTime:0.001000s ]
INFO: [ app_begin ] --END-- [ RunTime:0.001000s ]

[ 2017-08-15T11:31:22+08:00 ] 127.0.0.1 /Admin/Request/add
INFO: [ app_begin ] --START--
INFO: Run Behavior\ReadHtmlCacheBehavior [ RunTime:0.001000s ]
INFO: [ app_begin ] --END-- [ RunTime:0.001000s ]
NOTIC: [8] Undefined variable: result C:\User\phpStudy\WWW\thinkphp\Application\Common\Common\function.php 第 84 行.
NOTIC: [8] Undefined index: validate C:\User\phpStudy\WWW\thinkphp\ThinkPHP\Library\Think\Model.class.php 第 1185 行.
SQL: SHOW COLUMNS FROM `my_user_kevin` [ RunTime:0.0030s ]
NOTIC: [8] Undefined index: auto C:\User\phpStudy\WWW\thinkphp\ThinkPHP\Library\Think\Model.class.php 第 1128 行.
SQL: SHOW COLUMNS FROM `my_user_kevin` [ RunTime:0.0020s ]
NOTIC: [8] Undefined variable: other C:\User\phpStudy\WWW\thinkphp\Application\Common\Common\function.php 第 93 行.

[ 2017-08-15T11:31:48+08:00 ] 127.0.0.1 /Admin/Request/add
INFO: [ app_begin ] --START--
INFO: Run Behavior\ReadHtmlCacheBehavior [ RunTime:0.000000s ]
INFO: [ app_begin ] --END-- [ RunTime:0.000000s ]
NOTIC: [8] Undefined index: validate C:\User\phpStudy\WWW\thinkphp\ThinkPHP\Library\Think\Model.class.php 第 1185 行.
SQL: SHOW COLUMNS FROM `my_user_kevin` [ RunTime:0.0040s ]
NOTIC: [8] Undefined index: auto C:\User\phpStudy\WWW\thinkphp\ThinkPHP\Library\Think\Model.class.php 第 1128 行.
SQL: SHOW COLUMNS FROM `my_user_kevin` [ RunTime:0.0040s ]
NOTIC: [8] Undefined variable: other C:\User\phpStudy\WWW\thinkphp\Application\Common\Common\function.php 第 93 行.
NOTIC: [2] Cannot modify header information - headers already sent by (output started at C:\User\phpStudy\WWW\thinkphp\Application\Common\Common\function.php:85) C:\User\phpStudy\WWW\thinkphp\ThinkPHP\Library\Think\Controller.class.php 第 215 行.

[ 2017-08-15T11:34:05+08:00 ] 127.0.0.1 /Admin/Request/add
INFO: [ app_begin ] --START--
INFO: Run Behavior\ReadHtmlCacheBehavior [ RunTime:0.001001s ]
INFO: [ app_begin ] --END-- [ RunTime:0.001001s ]
NOTIC: [8] Undefined index: validate C:\User\phpStudy\WWW\thinkphp\ThinkPHP\Library\Think\Model.class.php 第 1185 行.
SQL: SHOW COLUMNS FROM `my_user_kevin` [ RunTime:0.0020s ]
NOTIC: [8] Undefined index: auto C:\User\phpStudy\WWW\thinkphp\ThinkPHP\Library\Think\Model.class.php 第 1128 行.
SQL: SHOW COLUMNS FROM `my_user_kevin` [ RunTime:0.0030s ]
NOTIC: [8] Undefined variable: other C:\User\phpStudy\WWW\thinkphp\Application\Common\Common\function.php 第 93 行.

[ 2017-08-15T11:35:21+08:00 ] 127.0.0.1 /Admin/Request/add
INFO: [ app_begin ] --START--
INFO: Run Behavior\ReadHtmlCacheBehavior [ RunTime:0.001000s ]
INFO: [ app_begin ] --END-- [ RunTime:0.002000s ]
NOTIC: [8] Undefined index: validate C:\User\phpStudy\WWW\thinkphp\ThinkPHP\Library\Think\Model.class.php 第 1185 行.
SQL: SHOW COLUMNS FROM `my_user_kevin` [ RunTime:0.0030s ]
NOTIC: [8] Undefined index: auto C:\User\phpStudy\WWW\thinkphp\ThinkPHP\Library\Think\Model.class.php 第 1128 行.
SQL: SHOW COLUMNS FROM `my_user_kevin` [ RunTime:0.0020s ]
NOTIC: [8] Undefined variable: other C:\User\phpStudy\WWW\thinkphp\Application\Common\Common\function.php 第 93 行.

[ 2017-08-15T11:35:24+08:00 ] 127.0.0.1 /Admin/Request/add
INFO: [ app_begin ] --START--
INFO: Run Behavior\ReadHtmlCacheBehavior [ RunTime:0.000000s ]
INFO: [ app_begin ] --END-- [ RunTime:0.000000s ]
NOTIC: [8] Undefined index: validate C:\User\phpStudy\WWW\thinkphp\ThinkPHP\Library\Think\Model.class.php 第 1185 行.
SQL: SHOW COLUMNS FROM `my_user_kevin` [ RunTime:0.0030s ]
NOTIC: [8] Undefined index: auto C:\User\phpStudy\WWW\thinkphp\ThinkPHP\Library\Think\Model.class.php 第 1128 行.
SQL: SHOW COLUMNS FROM `my_user_kevin` [ RunTime:0.0030s ]
NOTIC: [8] Undefined variable: other C:\User\phpStudy\WWW\thinkphp\Application\Common\Common\function.php 第 93 行.

[ 2017-08-15T11:36:01+08:00 ] 127.0.0.1 /Admin/Request/add
INFO: [ app_begin ] --START--
INFO: Run Behavior\ReadHtmlCacheBehavior [ RunTime:0.001000s ]
INFO: [ app_begin ] --END-- [ RunTime:0.001000s ]
NOTIC: [8] Undefined index: validate C:\User\phpStudy\WWW\thinkphp\ThinkPHP\Library\Think\Model.class.php 第 1185 行.
SQL: SHOW COLUMNS FROM `my_user_kevin` [ RunTime:0.0040s ]
NOTIC: [8] Undefined index: auto C:\User\phpStudy\WWW\thinkphp\ThinkPHP\Library\Think\Model.class.php 第 1128 行.
SQL: SHOW COLUMNS FROM `my_user_kevin` [ RunTime:0.0030s ]
NOTIC: [8] Undefined variable: other C:\User\phpStudy\WWW\thinkphp\Application\Common\Common\function.php 第 94 行.

[ 2017-08-15T11:36:23+08:00 ] 127.0.0.1 /Admin/Request/add
INFO: [ app_begin ] --START--
INFO: Run Behavior\ReadHtmlCacheBehavior [ RunTime:0.000000s ]
INFO: [ app_begin ] --END-- [ RunTime:0.001000s ]
NOTIC: [8] Undefined index: validate C:\User\phpStudy\WWW\thinkphp\ThinkPHP\Library\Think\Model.class.php 第 1185 行.
SQL: SHOW COLUMNS FROM `my_user_kevin` [ RunTime:0.0040s ]
NOTIC: [8] Undefined index: auto C:\User\phpStudy\WWW\thinkphp\ThinkPHP\Library\Think\Model.class.php 第 1128 行.
SQL: SHOW COLUMNS FROM `my_user_kevin` [ RunTime:0.0040s ]
NOTIC: [8] Undefined variable: other C:\User\phpStudy\WWW\thinkphp\Application\Common\Common\function.php 第 94 行.
NOTIC: [2] Cannot modify header information - headers already sent by (output started at C:\User\phpStudy\WWW\thinkphp\Application\Common\Common\function.php:86) C:\User\phpStudy\WWW\thinkphp\ThinkPHP\Library\Think\Controller.class.php 第 215 行.

[ 2017-08-15T11:37:29+08:00 ] 127.0.0.1 /Admin/Request/add
INFO: [ app_begin ] --START--
INFO: Run Behavior\ReadHtmlCacheBehavior [ RunTime:0.000000s ]
INFO: [ app_begin ] --END-- [ RunTime:0.000000s ]
ERR: syntax error, unexpected end of file

[ 2017-08-15T11:37:50+08:00 ] 127.0.0.1 /Admin/Request/add
INFO: [ app_begin ] --START--
INFO: Run Behavior\ReadHtmlCacheBehavior [ RunTime:0.001000s ]
INFO: [ app_begin ] --END-- [ RunTime:0.001000s ]
NOTIC: [8] Undefined variable: content C:\User\phpStudy\WWW\thinkphp\Application\Common\Common\function.php 第 93 行.
NOTIC: [8] Undefined variable: other C:\User\phpStudy\WWW\thinkphp\Application\Common\Common\function.php 第 94 行.

[ 2017-08-15T11:38:24+08:00 ] 127.0.0.1 /Admin/Request/add
INFO: [ app_begin ] --START--
INFO: Run Behavior\ReadHtmlCacheBehavior [ RunTime:0.001000s ]
INFO: [ app_begin ] --END-- [ RunTime:0.001000s ]
NOTIC: [8] Undefined variable: result C:\User\phpStudy\WWW\thinkphp\Application\Common\Common\function.php 第 87 行.
NOTIC: [8] Undefined variable: content C:\User\phpStudy\WWW\thinkphp\Application\Common\Common\function.php 第 94 行.
NOTIC: [8] Undefined variable: other C:\User\phpStudy\WWW\thinkphp\Application\Common\Common\function.php 第 95 行.

[ 2017-08-15T11:38:32+08:00 ] 127.0.0.1 /Admin/Request/add
INFO: [ app_begin ] --START--
INFO: Run Behavior\ReadHtmlCacheBehavior [ RunTime:0.000000s ]
INFO: [ app_begin ] --END-- [ RunTime:0.001000s ]
NOTIC: [8] Undefined index: validate C:\User\phpStudy\WWW\thinkphp\ThinkPHP\Library\Think\Model.class.php 第 1185 行.
SQL: SHOW COLUMNS FROM `my_user_kevin` [ RunTime:0.0030s ]
NOTIC: [8] Undefined index: auto C:\User\phpStudy\WWW\thinkphp\ThinkPHP\Library\Think\Model.class.php 第 1128 行.
NOTIC: [8] Undefined variable: content C:\User\phpStudy\WWW\thinkphp\Application\Common\Common\function.php 第 94 行.
NOTIC: [8] Undefined variable: other C:\User\phpStudy\WWW\thinkphp\Application\Common\Common\function.php 第 95 行.
NOTIC: [2] Cannot modify header information - headers already sent by (output started at C:\User\phpStudy\WWW\thinkphp\Application\Common\Common\function.php:87) C:\User\phpStudy\WWW\thinkphp\ThinkPHP\Library\Think\Controller.class.php 第 215 行.

[ 2017-08-15T11:40:00+08:00 ] 127.0.0.1 /Admin/Request/add
INFO: [ app_begin ] --START--
INFO: Run Behavior\ReadHtmlCacheBehavior [ RunTime:0.000000s ]
INFO: [ app_begin ] --END-- [ RunTime:0.001000s ]
NOTIC: [8] Undefined index: validate C:\User\phpStudy\WWW\thinkphp\ThinkPHP\Library\Think\Model.class.php 第 1185 行.
SQL: SHOW COLUMNS FROM `my_user_kevin` [ RunTime:0.0040s ]
NOTIC: [8] Undefined index: auto C:\User\phpStudy\WWW\thinkphp\ThinkPHP\Library\Think\Model.class.php 第 1128 行.
SQL: SHOW COLUMNS FROM `my_user_kevin` [ RunTime:0.0030s ]
SQL: UPDATE `my_user_kevin` SET `name`='博主1',`qq`='110',`email`='main',`gethub`='无',`self`='暂无' WHERE `id` = 1 [ RunTime:0.0600s ]
NOTIC: [8] Undefined variable: other C:\User\phpStudy\WWW\thinkphp\Application\Common\Common\function.php 第 95 行.

[ 2017-08-15T11:40:25+08:00 ] 127.0.0.1 /Admin/Request/add
INFO: [ app_begin ] --START--
INFO: Run Behavior\ReadHtmlCacheBehavior [ RunTime:0.001000s ]
INFO: [ app_begin ] --END-- [ RunTime:0.001000s ]
NOTIC: [8] Undefined index: validate C:\User\phpStudy\WWW\thinkphp\ThinkPHP\Library\Think\Model.class.php 第 1185 行.
SQL: SHOW COLUMNS FROM `my_user_kevin` [ RunTime:0.0040s ]
NOTIC: [8] Undefined index: auto C:\User\phpStudy\WWW\thinkphp\ThinkPHP\Library\Think\Model.class.php 第 1128 行.
SQL: SHOW COLUMNS FROM `my_user_kevin` [ RunTime:0.0040s ]
SQL: UPDATE `my_user_kevin` SET `name`='博主1',`qq`='1101',`email`='main',`gethub`='无',`self`='暂无' WHERE `id` = 1 [ RunTime:0.0910s ]
NOTIC: [8] Undefined variable: other C:\User\phpStudy\WWW\thinkphp\Application\Common\Common\function.php 第 95 行.

[ 2017-08-15T13:46:44+08:00 ] 127.0.0.1 /Admin/Request/add
INFO: [ app_begin ] --START--
INFO: Run Behavior\ReadHtmlCacheBehavior [ RunTime:0.000000s ]
INFO: [ app_begin ] --END-- [ RunTime:0.001000s ]
NOTIC: [8] Undefined index: validate C:\User\phpStudy\WWW\thinkphp\ThinkPHP\Library\Think\Model.class.php 第 1185 行.
SQL: SHOW COLUMNS FROM `my_user_kevin` [ RunTime:0.0030s ]
NOTIC: [8] Undefined index: auto C:\User\phpStudy\WWW\thinkphp\ThinkPHP\Library\Think\Model.class.php 第 1128 行.
SQL: SHOW COLUMNS FROM `my_user_kevin` [ RunTime:0.0020s ]
SQL: UPDATE `my_user_kevin` SET `name`='博主1',`qq`='1101',`email`='main',`gethub`='无',`self`='暂无1' WHERE `id` = 1 [ RunTime:0.0330s ]
NOTIC: [8] Undefined variable: other C:\User\phpStudy\WWW\thinkphp\Application\Common\Common\function.php 第 95 行.

[ 2017-08-15T13:55:05+08:00 ] 127.0.0.1 /a/leaving
ERR: syntax error, unexpected ''leaving'' (T_CONSTANT_ENCAPSED_STRING), expecting ']'

[ 2017-08-15T13:55:06+08:00 ] 127.0.0.1 /a/leaving
ERR: syntax error, unexpected ''leaving'' (T_CONSTANT_ENCAPSED_STRING), expecting ']'

[ 2017-08-15T14:59:18+08:00 ] 127.0.0.1 /Admin/Request/index/0/leaving/1/%E5%88%A0%E9%99%A4/id/1
ERR: 1146:Table 'test.my_messsage_kevin' doesn't exist
 [ SQL语句 ] : SHOW COLUMNS FROM `my_messsage_kevin`

[ 2017-08-15T15:14:03+08:00 ] 127.0.0.1 /Admin/Request/add
INFO: [ app_begin ] --START--
INFO: Run Behavior\ReadHtmlCacheBehavior [ RunTime:0.000000s ]
INFO: [ app_begin ] --END-- [ RunTime:0.001000s ]
NOTIC: [8] Undefined index: validate C:\User\phpStudy\WWW\thinkphp\ThinkPHP\Library\Think\Model.class.php 第 1185 行.
SQL: SHOW COLUMNS FROM `my_site_kevin` [ RunTime:0.0030s ]
NOTIC: [8] Undefined index: auto C:\User\phpStudy\WWW\thinkphp\ThinkPHP\Library\Think\Model.class.php 第 1128 行.
SQL: SHOW COLUMNS FROM `my_site_kevin` [ RunTime:0.0020s ]
SQL: UPDATE `my_site_kevin` SET `name`='潘奔阳的网站1',`show`='0',`type`='1',`self`='跟人介绍' WHERE `id` = '1' [ RunTime:0.0000s ]
NOTIC: [8] Undefined variable: other C:\User\phpStudy\WWW\thinkphp\Application\Common\Common\function.php 第 95 行.

[ 2017-08-15T15:14:25+08:00 ] 127.0.0.1 /Admin/Request/add
INFO: [ app_begin ] --START--
INFO: Run Behavior\ReadHtmlCacheBehavior [ RunTime:0.000000s ]
INFO: [ app_begin ] --END-- [ RunTime:0.001000s ]
NOTIC: [8] Undefined index: validate C:\User\phpStudy\WWW\thinkphp\ThinkPHP\Library\Think\Model.class.php 第 1185 行.
SQL: SHOW COLUMNS FROM `my_site_kevin` [ RunTime:0.0020s ]
NOTIC: [8] Undefined index: auto C:\User\phpStudy\WWW\thinkphp\ThinkPHP\Library\Think\Model.class.php 第 1128 行.
SQL: SHOW COLUMNS FROM `my_site_kevin` [ RunTime:0.0020s ]
SQL: UPDATE `my_site_kevin` SET `name`='潘奔阳的网站',`show`='0',`type`='1',`self`='跟人介绍' WHERE `id` = '1' [ RunTime:0.0000s ]
NOTIC: [8] Undefined variable: other C:\User\phpStudy\WWW\thinkphp\Application\Common\Common\function.php 第 95 行.

[ 2017-08-15T15:14:41+08:00 ] 127.0.0.1 /Admin/Request/add
INFO: [ app_begin ] --START--
INFO: Run Behavior\ReadHtmlCacheBehavior [ RunTime:0.000000s ]
INFO: [ app_begin ] --END-- [ RunTime:0.000000s ]
NOTIC: [8] Undefined index: validate C:\User\phpStudy\WWW\thinkphp\ThinkPHP\Library\Think\Model.class.php 第 1185 行.
SQL: SHOW COLUMNS FROM `my_site_kevin` [ RunTime:0.0020s ]
NOTIC: [8] Undefined index: auto C:\User\phpStudy\WWW\thinkphp\ThinkPHP\Library\Think\Model.class.php 第 1128 行.
SQL: SHOW COLUMNS FROM `my_site_kevin` [ RunTime:0.0020s ]
SQL: UPDATE `my_site_kevin` SET `name`='潘奔阳的网站',`show`='0',`type`='1',`self`='俺也不知道' WHERE `id` = '1' [ RunTime:0.0000s ]
NOTIC: [8] Undefined variable: other C:\User\phpStudy\WWW\thinkphp\Application\Common\Common\function.php 第 95 行.

[ 2017-08-15T15:20:02+08:00 ] 127.0.0.1 /Admin/Request/add
INFO: [ app_begin ] --START--
INFO: Run Behavior\ReadHtmlCacheBehavior [ RunTime:0.000000s ]
INFO: [ app_begin ] --END-- [ RunTime:0.001000s ]
NOTIC: [8] Undefined index: url C:\User\phpStudy\WWW\thinkphp\Application\Admin\Controller\Request\add.class.php 第 26 行.
NOTIC: [8] Undefined index: url C:\User\phpStudy\WWW\thinkphp\Application\Admin\Controller\Request\add.class.php 第 30 行.
NOTIC: [8] Undefined index:  C:\User\phpStudy\WWW\thinkphp\Application\Admin\Controller\Request\add.class.php 第 30 行.

[ 2017-08-15T15:20:21+08:00 ] 127.0.0.1 /Admin/Request/add
INFO: [ app_begin ] --START--
INFO: Run Behavior\ReadHtmlCacheBehavior [ RunTime:0.001000s ]
INFO: [ app_begin ] --END-- [ RunTime:0.001000s ]
NOTIC: [8] Undefined index: url C:\User\phpStudy\WWW\thinkphp\Application\Admin\Controller\Request\add.class.php 第 26 行.
NOTIC: [8] Undefined index: url C:\User\phpStudy\WWW\thinkphp\Application\Admin\Controller\Request\add.class.php 第 30 行.
NOTIC: [8] Undefined index:  C:\User\phpStudy\WWW\thinkphp\Application\Admin\Controller\Request\add.class.php 第 30 行.

[ 2017-08-15T15:20:58+08:00 ] 127.0.0.1 /Admin/Request/add
INFO: [ app_begin ] --START--
INFO: Run Behavior\ReadHtmlCacheBehavior [ RunTime:0.001000s ]
INFO: [ app_begin ] --END-- [ RunTime:0.001000s ]
NOTIC: [8] Undefined index: url C:\User\phpStudy\WWW\thinkphp\Application\Admin\Controller\Request\add.class.php 第 26 行.
NOTIC: [8] Undefined index: url C:\User\phpStudy\WWW\thinkphp\Application\Admin\Controller\Request\add.class.php 第 30 行.
NOTIC: [8] Undefined index:  C:\User\phpStudy\WWW\thinkphp\Application\Admin\Controller\Request\add.class.php 第 30 行.

[ 2017-08-15T15:21:08+08:00 ] 127.0.0.1 /Admin/Request/add
INFO: [ app_begin ] --START--
INFO: Run Behavior\ReadHtmlCacheBehavior [ RunTime:0.000000s ]
INFO: [ app_begin ] --END-- [ RunTime:0.000000s ]
NOTIC: [8] Undefined index: url C:\User\phpStudy\WWW\thinkphp\Application\Admin\Controller\Request\add.class.php 第 26 行.
NOTIC: [8] Undefined index: url C:\User\phpStudy\WWW\thinkphp\Application\Admin\Controller\Request\add.class.php 第 30 行.
NOTIC: [8] Undefined index:  C:\User\phpStudy\WWW\thinkphp\Application\Admin\Controller\Request\add.class.php 第 30 行.

[ 2017-08-15T15:22:03+08:00 ] 127.0.0.1 /Admin/Request/add
INFO: [ app_begin ] --START--
INFO: Run Behavior\ReadHtmlCacheBehavior [ RunTime:0.000000s ]
INFO: [ app_begin ] --END-- [ RunTime:0.000000s ]
NOTIC: [8] Undefined index: url C:\User\phpStudy\WWW\thinkphp\Application\Admin\Controller\Request\add.class.php 第 25 行.
NOTIC: [8] Undefined index: url C:\User\phpStudy\WWW\thinkphp\Application\Admin\Controller\Request\add.class.php 第 29 行.
NOTIC: [8] Undefined index:  C:\User\phpStudy\WWW\thinkphp\Application\Admin\Controller\Request\add.class.php 第 29 行.

[ 2017-08-15T15:22:27+08:00 ] 127.0.0.1 /Admin/Request/add
INFO: [ app_begin ] --START--
INFO: Run Behavior\ReadHtmlCacheBehavior [ RunTime:0.000000s ]
INFO: [ app_begin ] --END-- [ RunTime:0.000000s ]
NOTIC: [8] Undefined index: url C:\User\phpStudy\WWW\thinkphp\Application\Admin\Controller\Request\add.class.php 第 25 行.
NOTIC: [8] Undefined index: url C:\User\phpStudy\WWW\thinkphp\Application\Admin\Controller\Request\add.class.php 第 29 行.
NOTIC: [8] Undefined index:  C:\User\phpStudy\WWW\thinkphp\Application\Admin\Controller\Request\add.class.php 第 29 行.
NOTIC: [8] Undefined index: url C:\User\phpStudy\WWW\thinkphp\Application\Admin\Controller\Request\add.class.php 第 30 行.

[ 2017-08-15T15:22:32+08:00 ] 127.0.0.1 /Admin/Request/add
INFO: [ app_begin ] --START--
INFO: Run Behavior\ReadHtmlCacheBehavior [ RunTime:0.001000s ]
INFO: [ app_begin ] --END-- [ RunTime:0.001000s ]
NOTIC: [8] Undefined index: url C:\User\phpStudy\WWW\thinkphp\Application\Admin\Controller\Request\add.class.php 第 25 行.
NOTIC: [8] Undefined index: url C:\User\phpStudy\WWW\thinkphp\Application\Admin\Controller\Request\add.class.php 第 29 行.
NOTIC: [8] Undefined index:  C:\User\phpStudy\WWW\thinkphp\Application\Admin\Controller\Request\add.class.php 第 29 行.
NOTIC: [8] Undefined index: url C:\User\phpStudy\WWW\thinkphp\Application\Admin\Controller\Request\add.class.php 第 30 行.

[ 2017-08-15T15:22:56+08:00 ] 127.0.0.1 /Admin/Request/add
INFO: [ app_begin ] --START--
INFO: Run Behavior\ReadHtmlCacheBehavior [ RunTime:0.001000s ]
INFO: [ app_begin ] --END-- [ RunTime:0.001000s ]
NOTIC: [8] Undefined index: url C:\User\phpStudy\WWW\thinkphp\Application\Admin\Controller\Request\add.class.php 第 25 行.
NOTIC: [8] Undefined index: url C:\User\phpStudy\WWW\thinkphp\Application\Admin\Controller\Request\add.class.php 第 29 行.
NOTIC: [8] Undefined index:  C:\User\phpStudy\WWW\thinkphp\Application\Admin\Controller\Request\add.class.php 第 29 行.

[ 2017-08-15T15:23:01+08:00 ] 127.0.0.1 /Admin/Request/add
INFO: [ app_begin ] --START--
INFO: Run Behavior\ReadHtmlCacheBehavior [ RunTime:0.001000s ]
INFO: [ app_begin ] --END-- [ RunTime:0.001000s ]
NOTIC: [8] Undefined index: validate C:\User\phpStudy\WWW\thinkphp\ThinkPHP\Library\Think\Model.class.php 第 1185 行.
SQL: SHOW COLUMNS FROM `my_site_kevin` [ RunTime:0.0030s ]
NOTIC: [8] Undefined index: auto C:\User\phpStudy\WWW\thinkphp\ThinkPHP\Library\Think\Model.class.php 第 1128 行.
SQL: SHOW COLUMNS FROM `my_site_kevin` [ RunTime:0.0020s ]
SQL: UPDATE `my_site_kevin` SET `name`='潘奔阳的网站',`keywords`='关键字1',`description`='介绍 ' WHERE `id` = '1' [ RunTime:0.0000s ]
NOTIC: [8] Undefined variable: other C:\User\phpStudy\WWW\thinkphp\Application\Common\Common\function.php 第 94 行.

[ 2017-08-15T15:25:58+08:00 ] 127.0.0.1 /a/images/bg_header.jpg
ERR: 模板不存在:./Application/Admin/View/default/images.html

[ 2017-08-15T15:25:59+08:00 ] 127.0.0.1 /a/images/bullet1.gif
ERR: 模板不存在:./Application/Admin/View/default/images.html

[ 2017-08-15T15:26:01+08:00 ] 127.0.0.1 /a/images/bg_header.jpg
ERR: 模板不存在:./Application/Admin/View/default/images.html

[ 2017-08-15T15:26:02+08:00 ] 127.0.0.1 /a/images/bullet1.gif
ERR: 模板不存在:./Application/Admin/View/default/images.html

[ 2017-08-15T15:27:10+08:00 ] 127.0.0.1 /a/images/bg_header.jpg
ERR: 模板不存在:./Application/Admin/View/default/images.html

[ 2017-08-15T15:27:11+08:00 ] 127.0.0.1 /a/images/bullet1.gif
ERR: 模板不存在:./Application/Admin/View/default/images.html

[ 2017-08-15T15:27:12+08:00 ] 127.0.0.1 /a/images/bg_header.jpg
ERR: 模板不存在:./Application/Admin/View/default/images.html

[ 2017-08-15T15:27:13+08:00 ] 127.0.0.1 /a/images/bullet1.gif
ERR: 模板不存在:./Application/Admin/View/default/images.html

[ 2017-08-15T15:27:20+08:00 ] 127.0.0.1 /a/images/bg_header.jpg
ERR: 模板不存在:./Application/Admin/View/default/images.html

[ 2017-08-15T15:27:21+08:00 ] 127.0.0.1 /a/images/bullet1.gif
ERR: 模板不存在:./Application/Admin/View/default/images.html

[ 2017-08-15T15:27:25+08:00 ] 127.0.0.1 /a/images/bg_header.jpg
ERR: 模板不存在:./Application/Admin/View/default/images.html

[ 2017-08-15T15:27:26+08:00 ] 127.0.0.1 /a/images/bullet1.gif
ERR: 模板不存在:./Application/Admin/View/default/images.html

[ 2017-08-15T15:27:39+08:00 ] 127.0.0.1 /a/images/bg_header.jpg
ERR: 模板不存在:./Application/Admin/View/default/images.html

[ 2017-08-15T15:27:40+08:00 ] 127.0.0.1 /a/images/bullet1.gif
ERR: 模板不存在:./Application/Admin/View/default/images.html

[ 2017-08-15T15:27:44+08:00 ] 127.0.0.1 /a/images/bg_header.jpg
ERR: 模板不存在:./Application/Admin/View/default/images.html

[ 2017-08-15T15:27:45+08:00 ] 127.0.0.1 /a/images/bullet1.gif
ERR: 模板不存在:./Application/Admin/View/default/images.html

[ 2017-08-15T15:35:54+08:00 ] 127.0.0.1 /a/images/bg_header.jpg
ERR: 模板不存在:./Application/Admin/View/default/images.html

[ 2017-08-15T15:35:55+08:00 ] 127.0.0.1 /a/images/bullet1.gif
ERR: 模板不存在:./Application/Admin/View/default/images.html

